<?xml version="1.0" encoding="UTF-8"?>
<!-- Generated by org.testng.reporters.JUnitXMLReporter -->
<testsuite ignored="0" hostname="DESKTOP-H7N4V5G" failures="1" tests="9" name="Personnal Loan" time="0.482" errors="0" timestamp="2021-06-26T03:50:02 CEST">
  <testcase classname="test.Day1" name="Demo0" time="0.037">
    <failure type="java.lang.AssertionError" message="expected [true] but found [false]">
      <![CDATA[java.lang.AssertionError: expected [true] but found [false]
at test.Day1.Demo0(Day1.java:18)
at java.base/java.util.ArrayList.forEach(ArrayList.java:1511)
... Removed 31 stack frames]]>
    </failure>
  </testcase> <!-- Demo0 -->
  <testcase classname="test.Day1" name="Demo1" time="0.003"/>
  <testcase classname="test.Day1" name="Demo2" time="0.004"/>
  <testcase classname="test.Day2" name="Demo1" time="0.008"/>
  <testcase classname="test.Day2" name="Demo1" time="0.003"/>
  <testcase classname="test.Day2" name="Demo1" time="0.005"/>
  <testcase classname="test.Day3" name="APILoginHomeLoan" time="0.061"/>
  <testcase classname="test.Day3" name="MobileLoginHomeLoan" time="0.006"/>
  <testcase classname="test.Day3" name="WebLoginHomeLoan" time="0.006"/>
</testsuite> <!-- Personnal Loan -->
