<?xml version="1.0" encoding="UTF-8"?>
<!-- Generated by org.testng.reporters.JUnitXMLReporter -->
<testsuite ignored="0" hostname="DESKTOP-H7N4V5G" failures="0" tests="11" name="Personnal Department" time="0.134" errors="0" timestamp="2021-06-18T04:08:49 CEST">
  <testcase classname="test.Day1" name="Demo1" time="0.013"/>
  <testcase classname="test.Day1" name="Demo2" time="0.002"/>
  <testcase classname="test.Day2" name="Demo1" time="0.002"/>
  <testcase classname="test.Day3" name="APILoginCarLoan" time="0.002"/>
  <testcase classname="test.Day3" name="MobileLoginCarLoan" time="0.003"/>
  <testcase classname="test.Day3" name="MobileSigninCarLoan" time="0.001"/>
  <testcase classname="test.Day3" name="MobileSignoutCarLoan" time="0.001"/>
  <testcase classname="test.Day3" name="WebLoginCarLoan" time="0.001"/>
  <testcase classname="test.Day4" name="APILoginCarLoan" time="0.003"/>
  <testcase classname="test.Day4" name="MobileLoginCarLoan" time="0.001"/>
  <testcase classname="test.Day4" name="WebLoginHomeLoan" time="0.001"/>
</testsuite> <!-- Personnal Department -->
