<?xml version="1.0" encoding="UTF-8"?>
<!-- Generated by org.testng.reporters.JUnitXMLReporter -->
<testsuite ignored="4" hostname="DESKTOP-H7N4V5G" failures="0" tests="5" name="Regression" time="0.104" errors="0" timestamp="2021-06-22T00:40:12 CEST">
  <testcase classname="test.Day1" name="Demo2" time="0.013"/>
  <testcase classname="test.Day3" name="APILoginHomeLoan" time="0.002"/>
  <testcase classname="test.Day3" name="MobileLoginHomeLoan" time="0.003"/>
  <testcase classname="test.Day4" name="APILoginCarLoan" time="0.002"/>
  <testcase classname="test.Day4" name="MobileLoginCarLoan" time="0.001"/>
  <testcase classname="test.Day1" name="Demo1" time="0.0">
    <ignored/>
  </testcase> <!-- Demo1 -->
  <testcase classname="test.Day2" name="Demo1" time="0.0">
    <ignored/>
  </testcase> <!-- Demo1 -->
  <testcase classname="test.Day3" name="WebLoginHomeLoan" time="0.0">
    <ignored/>
  </testcase> <!-- WebLoginHomeLoan -->
  <testcase classname="test.Day4" name="WebLoginCarLoan" time="0.0">
    <ignored/>
  </testcase> <!-- WebLoginCarLoan -->
</testsuite> <!-- Regression -->
